Start testing: May 17 14:01 CEST
----------------------------------------------------------
1/1 Testing: program.unit_tests
1/1 Test: program.unit_tests
Command: "/home/adam/Programowanie_Obiektowe/zad4-259355/build/unit_tests"
Directory: /home/adam/Programowanie_Obiektowe/zad4-259355/build/tests
"program.unit_tests" start time: May 17 14:01 CEST
Output:
----------------------------------------------------------
[doctest] doctest version is "2.4.5"
[doctest] run with "--help" for options
===============================================================================
[doctest] test cases: 4 | 4 passed | 0 failed | 0 skipped
[doctest] assertions: 4 | 4 passed | 0 failed |
[doctest] Status: SUCCESS!
<end of output>
Test time =   0.01 sec
----------------------------------------------------------
Test Passed.
"program.unit_tests" end time: May 17 14:01 CEST
"program.unit_tests" time elapsed: 00:00:00
----------------------------------------------------------

End testing: May 17 14:01 CEST
